<?xml version="1.0" encoding="utf-8"?><testsuites><testsuite errors="0" failures="0" hostname="kleytonpc" name="pytest" skipped="0" tests="4" time="3.705" timestamp="2020-05-11T11:34:43.077482"><testcase classname="test_submit" file="test_submit.py" line="3" name="test_q1" time="0.186"></testcase><testcase classname="test_submit" file="test_submit.py" line="8" name="test_q2" time="0.057"></testcase><testcase classname="test_submit" file="test_submit.py" line="13" name="test_q3" time="0.222"></testcase><testcase classname="test_submit" file="test_submit.py" line="18" name="test_q4" time="0.540"></testcase></testsuite></testsuites>