<?xml version="1.0" encoding="utf-8"?><testsuites><testsuite errors="0" failures="0" hostname="kleytonpc" name="pytest" skipped="0" tests="7" time="3.806" timestamp="2020-05-18T15:58:01.524682"><testcase classname="test_submit" file="test_submit.py" line="3" name="test_q1" time="0.002"></testcase><testcase classname="test_submit" file="test_submit.py" line="11" name="test_q2" time="0.001"></testcase><testcase classname="test_submit" file="test_submit.py" line="16" name="test_q3" time="0.003"></testcase><testcase classname="test_submit" file="test_submit.py" line="21" name="test_q4" time="0.014"></testcase><testcase classname="test_submit" file="test_submit.py" line="26" name="test_q5" time="0.005"></testcase><testcase classname="test_submit" file="test_submit.py" line="34" name="test_q6" time="0.558"></testcase><testcase classname="test_submit" file="test_submit.py" line="39" name="test_q7" time="0.372"></testcase></testsuite></testsuites>